2023-03-05 20:11:59,661 [Worker-2: Loading available Gradle versions] INFO  o.e.b.c.i.u.g.PublishedGradleVersions - Gradle version information cache is up-to-date. Trying to read.
2023-03-05 20:19:19,148 [Worker-1: Loading available Gradle versions] INFO  o.e.b.c.i.u.g.PublishedGradleVersions - Gradle version information cache is up-to-date. Trying to read.
2023-03-05 20:21:32,587 [Worker-18: Import Getting Started Content] INFO  o.e.m.c.i.l.LifecycleMappingFactory - Using org.eclipse.m2e.jdt.JarLifecycleMapping lifecycle mapping for MavenProject: com.example:DessClinicSystem:0.0.1-SNAPSHOT @ D:\myWorkSpace\Winter 2023\CSIS 3275 001 Project_DessClinicSystem\DessClinicSystem\pom.xml.
2023-03-05 20:21:33,447 [Worker-18: Import Getting Started Content] INFO  o.e.m.j.i.AbstractJavaProjectConfigurator - Adding source folder /DessClinicSystem/src/main/java
2023-03-05 20:21:33,447 [Worker-18: Import Getting Started Content] INFO  o.e.m.j.i.AbstractJavaProjectConfigurator - Adding resource folder /DessClinicSystem/src/main/resources
2023-03-05 20:21:33,453 [Worker-18: Import Getting Started Content] INFO  o.e.m.j.i.AbstractJavaProjectConfigurator - Adding resource folder /DessClinicSystem/src/main/resources
2023-03-05 20:21:33,458 [Worker-18: Import Getting Started Content] INFO  o.e.m.j.i.AbstractJavaProjectConfigurator - Adding source folder /DessClinicSystem/src/test/java
2023-03-05 20:21:34,203 [Worker-18: Import Getting Started Content] INFO  o.e.m.c.i.p.ProjectConfigurationManager - Imported and configured 1 project(s) in 2 sec
2023-03-05 20:21:34,207 [Worker-18: Import Getting Started Content] INFO  o.e.m.c.i.p.ProjectConfigurationManager - Update started
2023-03-05 20:21:34,470 [Worker-18: Import Getting Started Content] INFO  o.e.m.c.i.l.LifecycleMappingFactory - Using org.eclipse.m2e.jdt.JarLifecycleMapping lifecycle mapping for MavenProject: com.example:DessClinicSystem:0.0.1-SNAPSHOT @ D:\myWorkSpace\Winter 2023\CSIS 3275 001 Project_DessClinicSystem\DessClinicSystem\pom.xml.
2023-03-05 20:21:34,826 [Worker-18: Import Getting Started Content] INFO  o.e.m.j.i.AbstractJavaProjectConfigurator - Adding source folder /DessClinicSystem/src/main/java
2023-03-05 20:21:34,826 [Worker-18: Import Getting Started Content] INFO  o.e.m.j.i.AbstractJavaProjectConfigurator - Adding resource folder /DessClinicSystem/src/main/resources
2023-03-05 20:21:34,828 [Worker-18: Import Getting Started Content] INFO  o.e.m.j.i.AbstractJavaProjectConfigurator - Adding resource folder /DessClinicSystem/src/main/resources
2023-03-05 20:21:34,828 [Worker-18: Import Getting Started Content] INFO  o.e.m.j.i.AbstractJavaProjectConfigurator - Adding source folder /DessClinicSystem/src/test/java
2023-03-05 20:21:35,230 [Worker-18: Import Getting Started Content] INFO  o.e.m.c.i.p.ProjectConfigurationManager - Update completed: 1 sec
2023-03-05 20:21:35,697 [Worker-12: Building] INFO  o.a.m.s.f.DefaultMavenResourcesFiltering - Copying 1 resource
2023-03-05 20:21:35,705 [Worker-12: Building] INFO  o.a.m.s.f.DefaultMavenResourcesFiltering - Copying 0 resource
2023-03-05 20:21:35,708 [Worker-12: Building] INFO  o.a.m.s.f.DefaultMavenResourcesFiltering - skip non existing resourceDirectory D:\myWorkSpace\Winter 2023\CSIS 3275 001 Project_DessClinicSystem\DessClinicSystem\src\test\resources
2023-03-05 20:22:43,640 [Worker-17: Building] INFO  o.a.m.s.f.DefaultMavenResourcesFiltering - Copying 1 resource
2023-03-05 20:22:43,649 [Worker-17: Building] INFO  o.a.m.s.f.DefaultMavenResourcesFiltering - Copying 0 resource
2023-03-05 20:22:43,652 [Worker-17: Building] INFO  o.a.m.s.f.DefaultMavenResourcesFiltering - skip non existing resourceDirectory D:\myWorkSpace\Winter 2023\CSIS 3275 001 Project_DessClinicSystem\DessClinicSystem\src\test\resources
2023-03-05 20:23:10,401 [Worker-20: Building] INFO  o.a.m.s.f.DefaultMavenResourcesFiltering - Copying 1 resource
2023-03-05 20:23:10,404 [Worker-20: Building] INFO  o.a.m.s.f.DefaultMavenResourcesFiltering - Copying 0 resource
2023-03-05 20:23:10,405 [Worker-20: Building] INFO  o.a.m.s.f.DefaultMavenResourcesFiltering - skip non existing resourceDirectory D:\myWorkSpace\Winter 2023\CSIS 3275 001 Project_DessClinicSystem\DessClinicSystem\src\test\resources
2023-03-05 20:23:22,114 [Worker-17: Building] INFO  o.a.m.s.f.DefaultMavenResourcesFiltering - Copying 1 resource
2023-03-05 20:23:22,125 [Worker-17: Building] INFO  o.a.m.s.f.DefaultMavenResourcesFiltering - Copying 0 resource
2023-03-05 20:23:22,127 [Worker-17: Building] INFO  o.a.m.s.f.DefaultMavenResourcesFiltering - skip non existing resourceDirectory D:\myWorkSpace\Winter 2023\CSIS 3275 001 Project_DessClinicSystem\DessClinicSystem\src\test\resources
2023-03-05 20:37:29,627 [Worker-12: Building] INFO  o.a.m.s.f.DefaultMavenResourcesFiltering - Copying 1 resource
2023-03-05 20:37:29,643 [Worker-12: Building] INFO  o.a.m.s.f.DefaultMavenResourcesFiltering - Copying 0 resource
2023-03-05 20:37:29,646 [Worker-12: Building] INFO  o.a.m.s.f.DefaultMavenResourcesFiltering - skip non existing resourceDirectory D:\myWorkSpace\Winter 2023\CSIS 3275 001 Project_DessClinicSystem\DessClinicSystem\src\test\resources
2023-03-05 20:37:30,721 [Worker-24: Building] INFO  o.a.m.s.f.DefaultMavenResourcesFiltering - Copying 0 resource
2023-03-05 20:37:30,721 [Worker-24: Building] INFO  o.a.m.s.f.DefaultMavenResourcesFiltering - Copying 0 resource
2023-03-05 20:37:30,724 [Worker-24: Building] INFO  o.a.m.s.f.DefaultMavenResourcesFiltering - skip non existing resourceDirectory D:\myWorkSpace\Winter 2023\CSIS 3275 001 Project_DessClinicSystem\DessClinicSystem\src\test\resources
2023-03-05 21:07:41,005 [Worker-33: Building] INFO  o.a.m.s.f.DefaultMavenResourcesFiltering - Copying 1 resource
2023-03-05 21:07:41,014 [Worker-33: Building] INFO  o.a.m.s.f.DefaultMavenResourcesFiltering - Copying 0 resource
2023-03-05 21:07:41,016 [Worker-33: Building] INFO  o.a.m.s.f.DefaultMavenResourcesFiltering - skip non existing resourceDirectory D:\myWorkSpace\Winter 2023\CSIS 3275 001 Project_DessClinicSystem\DessClinicSystem\src\test\resources
2023-03-05 21:08:05,205 [Worker-38: Building] INFO  o.a.m.s.f.DefaultMavenResourcesFiltering - Copying 1 resource
2023-03-05 21:08:05,208 [Worker-38: Building] INFO  o.a.m.s.f.DefaultMavenResourcesFiltering - Copying 0 resource
2023-03-05 21:08:05,210 [Worker-38: Building] INFO  o.a.m.s.f.DefaultMavenResourcesFiltering - skip non existing resourceDirectory D:\myWorkSpace\Winter 2023\CSIS 3275 001 Project_DessClinicSystem\DessClinicSystem\src\test\resources
2023-03-05 21:08:10,697 [Worker-27: Building] INFO  o.a.m.s.f.DefaultMavenResourcesFiltering - Copying 1 resource
2023-03-05 21:08:10,701 [Worker-27: Building] INFO  o.a.m.s.f.DefaultMavenResourcesFiltering - Copying 0 resource
2023-03-05 21:08:10,704 [Worker-27: Building] INFO  o.a.m.s.f.DefaultMavenResourcesFiltering - skip non existing resourceDirectory D:\myWorkSpace\Winter 2023\CSIS 3275 001 Project_DessClinicSystem\DessClinicSystem\src\test\resources
2023-03-05 21:08:42,244 [Worker-35: Building] INFO  o.a.m.s.f.DefaultMavenResourcesFiltering - Copying 1 resource
2023-03-05 21:08:42,248 [Worker-35: Building] INFO  o.a.m.s.f.DefaultMavenResourcesFiltering - Copying 0 resource
2023-03-05 21:08:42,250 [Worker-35: Building] INFO  o.a.m.s.f.DefaultMavenResourcesFiltering - skip non existing resourceDirectory D:\myWorkSpace\Winter 2023\CSIS 3275 001 Project_DessClinicSystem\DessClinicSystem\src\test\resources
2023-03-05 21:08:54,906 [Worker-37: Building] INFO  o.a.m.s.f.DefaultMavenResourcesFiltering - Copying 1 resource
2023-03-05 21:08:54,909 [Worker-37: Building] INFO  o.a.m.s.f.DefaultMavenResourcesFiltering - Copying 0 resource
2023-03-05 21:08:54,911 [Worker-37: Building] INFO  o.a.m.s.f.DefaultMavenResourcesFiltering - skip non existing resourceDirectory D:\myWorkSpace\Winter 2023\CSIS 3275 001 Project_DessClinicSystem\DessClinicSystem\src\test\resources
2023-03-05 21:10:12,801 [Worker-37: Building] INFO  o.a.m.s.f.DefaultMavenResourcesFiltering - Copying 1 resource
2023-03-05 21:10:12,804 [Worker-37: Building] INFO  o.a.m.s.f.DefaultMavenResourcesFiltering - Copying 0 resource
2023-03-05 21:10:12,806 [Worker-37: Building] INFO  o.a.m.s.f.DefaultMavenResourcesFiltering - skip non existing resourceDirectory D:\myWorkSpace\Winter 2023\CSIS 3275 001 Project_DessClinicSystem\DessClinicSystem\src\test\resources
2023-03-05 21:40:48,811 [Worker-39: Building] INFO  o.a.m.s.f.DefaultMavenResourcesFiltering - Copying 1 resource
2023-03-05 21:40:48,820 [Worker-39: Building] INFO  o.a.m.s.f.DefaultMavenResourcesFiltering - Copying 0 resource
2023-03-05 21:40:48,823 [Worker-39: Building] INFO  o.a.m.s.f.DefaultMavenResourcesFiltering - skip non existing resourceDirectory D:\myWorkSpace\Winter 2023\CSIS 3275 001 Project_DessClinicSystem\DessClinicSystem\src\test\resources
2023-03-05 22:05:17,039 [Worker-58: Building] INFO  o.a.m.s.f.DefaultMavenResourcesFiltering - Copying 1 resource
2023-03-05 22:05:17,043 [Worker-58: Building] INFO  o.a.m.s.f.DefaultMavenResourcesFiltering - Copying 0 resource
2023-03-05 22:05:17,045 [Worker-58: Building] INFO  o.a.m.s.f.DefaultMavenResourcesFiltering - skip non existing resourceDirectory D:\myWorkSpace\Winter 2023\CSIS 3275 001 Project_DessClinicSystem\DessClinicSystem\src\test\resources
2023-03-05 22:05:20,180 [Worker-59: Building] INFO  o.a.m.s.f.DefaultMavenResourcesFiltering - Copying 1 resource
2023-03-05 22:05:20,187 [Worker-59: Building] INFO  o.a.m.s.f.DefaultMavenResourcesFiltering - Copying 0 resource
2023-03-05 22:05:20,189 [Worker-59: Building] INFO  o.a.m.s.f.DefaultMavenResourcesFiltering - skip non existing resourceDirectory D:\myWorkSpace\Winter 2023\CSIS 3275 001 Project_DessClinicSystem\DessClinicSystem\src\test\resources
2023-03-05 22:06:59,571 [Worker-58: Building] INFO  o.a.m.s.f.DefaultMavenResourcesFiltering - Copying 1 resource
2023-03-05 22:06:59,583 [Worker-58: Building] INFO  o.a.m.s.f.DefaultMavenResourcesFiltering - Copying 0 resource
2023-03-05 22:06:59,585 [Worker-58: Building] INFO  o.a.m.s.f.DefaultMavenResourcesFiltering - skip non existing resourceDirectory D:\myWorkSpace\Winter 2023\CSIS 3275 001 Project_DessClinicSystem\DessClinicSystem\src\test\resources
2023-03-05 22:08:35,995 [Worker-51: Building] INFO  o.a.m.s.f.DefaultMavenResourcesFiltering - Copying 1 resource
2023-03-05 22:08:35,997 [Worker-51: Building] INFO  o.a.m.s.f.DefaultMavenResourcesFiltering - Copying 0 resource
2023-03-05 22:08:35,999 [Worker-51: Building] INFO  o.a.m.s.f.DefaultMavenResourcesFiltering - skip non existing resourceDirectory D:\myWorkSpace\Winter 2023\CSIS 3275 001 Project_DessClinicSystem\DessClinicSystem\src\test\resources
2023-03-05 22:08:46,903 [Worker-51: Building] INFO  o.a.m.s.f.DefaultMavenResourcesFiltering - Copying 1 resource
2023-03-05 22:08:46,906 [Worker-51: Building] INFO  o.a.m.s.f.DefaultMavenResourcesFiltering - Copying 0 resource
2023-03-05 22:08:46,908 [Worker-51: Building] INFO  o.a.m.s.f.DefaultMavenResourcesFiltering - skip non existing resourceDirectory D:\myWorkSpace\Winter 2023\CSIS 3275 001 Project_DessClinicSystem\DessClinicSystem\src\test\resources
2023-03-05 22:11:51,122 [Worker-61: Building] INFO  o.a.m.s.f.DefaultMavenResourcesFiltering - Copying 1 resource
2023-03-05 22:11:51,124 [Worker-61: Building] INFO  o.a.m.s.f.DefaultMavenResourcesFiltering - Copying 0 resource
2023-03-05 22:11:51,126 [Worker-61: Building] INFO  o.a.m.s.f.DefaultMavenResourcesFiltering - skip non existing resourceDirectory D:\myWorkSpace\Winter 2023\CSIS 3275 001 Project_DessClinicSystem\DessClinicSystem\src\test\resources
2023-03-05 22:13:55,170 [Worker-61: Building] INFO  o.a.m.s.f.DefaultMavenResourcesFiltering - Copying 1 resource
2023-03-05 22:13:55,178 [Worker-61: Building] INFO  o.a.m.s.f.DefaultMavenResourcesFiltering - Copying 0 resource
2023-03-05 22:13:55,180 [Worker-61: Building] INFO  o.a.m.s.f.DefaultMavenResourcesFiltering - skip non existing resourceDirectory D:\myWorkSpace\Winter 2023\CSIS 3275 001 Project_DessClinicSystem\DessClinicSystem\src\test\resources
2023-03-05 22:14:12,989 [Worker-61: Building] INFO  o.a.m.s.f.DefaultMavenResourcesFiltering - Copying 1 resource
2023-03-05 22:14:12,993 [Worker-61: Building] INFO  o.a.m.s.f.DefaultMavenResourcesFiltering - Copying 0 resource
2023-03-05 22:14:12,995 [Worker-61: Building] INFO  o.a.m.s.f.DefaultMavenResourcesFiltering - skip non existing resourceDirectory D:\myWorkSpace\Winter 2023\CSIS 3275 001 Project_DessClinicSystem\DessClinicSystem\src\test\resources
2023-03-05 22:24:42,197 [Worker-62: Building] INFO  o.a.m.s.f.DefaultMavenResourcesFiltering - Copying 1 resource
2023-03-05 22:24:42,200 [Worker-62: Building] INFO  o.a.m.s.f.DefaultMavenResourcesFiltering - Copying 0 resource
2023-03-05 22:24:42,202 [Worker-62: Building] INFO  o.a.m.s.f.DefaultMavenResourcesFiltering - skip non existing resourceDirectory D:\myWorkSpace\Winter 2023\CSIS 3275 001 Project_DessClinicSystem\DessClinicSystem\src\test\resources
2023-03-05 22:27:24,819 [Worker-61: Building] INFO  o.a.m.s.f.DefaultMavenResourcesFiltering - Copying 1 resource
2023-03-05 22:27:24,821 [Worker-61: Building] INFO  o.a.m.s.f.DefaultMavenResourcesFiltering - Copying 0 resource
2023-03-05 22:27:24,823 [Worker-61: Building] INFO  o.a.m.s.f.DefaultMavenResourcesFiltering - skip non existing resourceDirectory D:\myWorkSpace\Winter 2023\CSIS 3275 001 Project_DessClinicSystem\DessClinicSystem\src\test\resources
2023-03-05 22:27:33,862 [Worker-61: Building] INFO  o.a.m.s.f.DefaultMavenResourcesFiltering - Copying 1 resource
2023-03-05 22:27:33,864 [Worker-61: Building] INFO  o.a.m.s.f.DefaultMavenResourcesFiltering - Copying 0 resource
2023-03-05 22:27:33,865 [Worker-61: Building] INFO  o.a.m.s.f.DefaultMavenResourcesFiltering - skip non existing resourceDirectory D:\myWorkSpace\Winter 2023\CSIS 3275 001 Project_DessClinicSystem\DessClinicSystem\src\test\resources
2023-03-05 22:27:41,958 [Worker-68: Building] INFO  o.a.m.s.f.DefaultMavenResourcesFiltering - Copying 1 resource
2023-03-05 22:27:41,961 [Worker-68: Building] INFO  o.a.m.s.f.DefaultMavenResourcesFiltering - Copying 0 resource
2023-03-05 22:27:41,963 [Worker-68: Building] INFO  o.a.m.s.f.DefaultMavenResourcesFiltering - skip non existing resourceDirectory D:\myWorkSpace\Winter 2023\CSIS 3275 001 Project_DessClinicSystem\DessClinicSystem\src\test\resources
2023-03-05 22:28:01,010 [Worker-62: Building] INFO  o.a.m.s.f.DefaultMavenResourcesFiltering - Copying 1 resource
2023-03-05 22:28:01,013 [Worker-62: Building] INFO  o.a.m.s.f.DefaultMavenResourcesFiltering - Copying 0 resource
2023-03-05 22:28:01,015 [Worker-62: Building] INFO  o.a.m.s.f.DefaultMavenResourcesFiltering - skip non existing resourceDirectory D:\myWorkSpace\Winter 2023\CSIS 3275 001 Project_DessClinicSystem\DessClinicSystem\src\test\resources
2023-03-05 22:28:15,540 [Worker-70: Building] INFO  o.a.m.s.f.DefaultMavenResourcesFiltering - Copying 1 resource
2023-03-05 22:28:15,544 [Worker-70: Building] INFO  o.a.m.s.f.DefaultMavenResourcesFiltering - Copying 0 resource
2023-03-05 22:28:15,546 [Worker-70: Building] INFO  o.a.m.s.f.DefaultMavenResourcesFiltering - skip non existing resourceDirectory D:\myWorkSpace\Winter 2023\CSIS 3275 001 Project_DessClinicSystem\DessClinicSystem\src\test\resources
2023-03-05 22:28:59,045 [Worker-69: Building] INFO  o.a.m.s.f.DefaultMavenResourcesFiltering - Copying 1 resource
2023-03-05 22:28:59,047 [Worker-69: Building] INFO  o.a.m.s.f.DefaultMavenResourcesFiltering - Copying 0 resource
2023-03-05 22:28:59,048 [Worker-69: Building] INFO  o.a.m.s.f.DefaultMavenResourcesFiltering - skip non existing resourceDirectory D:\myWorkSpace\Winter 2023\CSIS 3275 001 Project_DessClinicSystem\DessClinicSystem\src\test\resources
2023-03-05 22:29:06,324 [main] INFO  o.e.m2e.actions.ExecutePomAction - Creating new launch configuration
2023-03-05 22:29:18,288 [Worker-68: Launching DessClinicSystem] INFO  o.e.m.i.launch.MavenLaunchDelegate - D:\myWorkSpace\Winter 2023\CSIS 3275 001 Project_DessClinicSystem\DessClinicSystem
2023-03-05 22:29:18,291 [Worker-68: Launching DessClinicSystem] INFO  o.e.m.i.launch.MavenLaunchDelegate -  mvn -Ppom.xml -B -Dstyle.color=always spring-boot:run
2023-03-05 22:29:47,024 [Worker-71: Building] INFO  o.a.m.s.f.DefaultMavenResourcesFiltering - Copying 1 resource
2023-03-05 22:29:47,027 [Worker-71: Building] INFO  o.a.m.s.f.DefaultMavenResourcesFiltering - Copying 0 resource
2023-03-05 22:29:47,028 [Worker-71: Building] INFO  o.a.m.s.f.DefaultMavenResourcesFiltering - skip non existing resourceDirectory D:\myWorkSpace\Winter 2023\CSIS 3275 001 Project_DessClinicSystem\DessClinicSystem\src\test\resources
2023-03-05 22:29:56,760 [Worker-69: Building] INFO  o.a.m.s.f.DefaultMavenResourcesFiltering - Copying 1 resource
2023-03-05 22:29:56,764 [Worker-69: Building] INFO  o.a.m.s.f.DefaultMavenResourcesFiltering - Copying 0 resource
2023-03-05 22:29:56,765 [Worker-69: Building] INFO  o.a.m.s.f.DefaultMavenResourcesFiltering - skip non existing resourceDirectory D:\myWorkSpace\Winter 2023\CSIS 3275 001 Project_DessClinicSystem\DessClinicSystem\src\test\resources
2023-03-05 22:30:35,348 [Worker-69: Building] INFO  o.a.m.s.f.DefaultMavenResourcesFiltering - Copying 1 resource
2023-03-05 22:30:35,350 [Worker-69: Building] INFO  o.a.m.s.f.DefaultMavenResourcesFiltering - Copying 0 resource
2023-03-05 22:30:35,352 [Worker-69: Building] INFO  o.a.m.s.f.DefaultMavenResourcesFiltering - skip non existing resourceDirectory D:\myWorkSpace\Winter 2023\CSIS 3275 001 Project_DessClinicSystem\DessClinicSystem\src\test\resources
2023-03-05 22:32:28,536 [Worker-72: Building] INFO  o.a.m.s.f.DefaultMavenResourcesFiltering - Copying 1 resource
2023-03-05 22:32:28,542 [Worker-72: Building] INFO  o.a.m.s.f.DefaultMavenResourcesFiltering - Copying 0 resource
2023-03-05 22:32:28,544 [Worker-72: Building] INFO  o.a.m.s.f.DefaultMavenResourcesFiltering - skip non existing resourceDirectory D:\myWorkSpace\Winter 2023\CSIS 3275 001 Project_DessClinicSystem\DessClinicSystem\src\test\resources
2023-03-05 22:32:29,556 [Worker-73: Building] INFO  o.a.m.s.f.DefaultMavenResourcesFiltering - Copying 1 resource
2023-03-05 22:32:29,563 [Worker-73: Building] INFO  o.a.m.s.f.DefaultMavenResourcesFiltering - Copying 0 resource
2023-03-05 22:32:29,565 [Worker-73: Building] INFO  o.a.m.s.f.DefaultMavenResourcesFiltering - skip non existing resourceDirectory D:\myWorkSpace\Winter 2023\CSIS 3275 001 Project_DessClinicSystem\DessClinicSystem\src\test\resources
2023-03-05 22:35:44,107 [Worker-72: Building] INFO  o.a.m.s.f.DefaultMavenResourcesFiltering - Copying 1 resource
2023-03-05 22:35:44,110 [Worker-72: Building] INFO  o.a.m.s.f.DefaultMavenResourcesFiltering - Copying 0 resource
2023-03-05 22:35:44,113 [Worker-72: Building] INFO  o.a.m.s.f.DefaultMavenResourcesFiltering - skip non existing resourceDirectory D:\myWorkSpace\Winter 2023\CSIS 3275 001 Project_DessClinicSystem\DessClinicSystem\src\test\resources
2023-03-05 22:40:04,063 [Worker-80: Building] INFO  o.a.m.s.f.DefaultMavenResourcesFiltering - Copying 1 resource
2023-03-05 22:40:04,065 [Worker-80: Building] INFO  o.a.m.s.f.DefaultMavenResourcesFiltering - Copying 0 resource
2023-03-05 22:40:04,067 [Worker-80: Building] INFO  o.a.m.s.f.DefaultMavenResourcesFiltering - skip non existing resourceDirectory D:\myWorkSpace\Winter 2023\CSIS 3275 001 Project_DessClinicSystem\DessClinicSystem\src\test\resources
2023-03-05 22:44:43,583 [Worker-78: Building] INFO  o.a.m.s.f.DefaultMavenResourcesFiltering - Copying 1 resource
2023-03-05 22:44:43,587 [Worker-78: Building] INFO  o.a.m.s.f.DefaultMavenResourcesFiltering - Copying 0 resource
2023-03-05 22:44:43,590 [Worker-78: Building] INFO  o.a.m.s.f.DefaultMavenResourcesFiltering - skip non existing resourceDirectory D:\myWorkSpace\Winter 2023\CSIS 3275 001 Project_DessClinicSystem\DessClinicSystem\src\test\resources
2023-03-05 22:45:18,620 [Worker-78: Building] INFO  o.a.m.s.f.DefaultMavenResourcesFiltering - Copying 1 resource
2023-03-05 22:45:18,623 [Worker-78: Building] INFO  o.a.m.s.f.DefaultMavenResourcesFiltering - Copying 0 resource
2023-03-05 22:45:18,626 [Worker-78: Building] INFO  o.a.m.s.f.DefaultMavenResourcesFiltering - skip non existing resourceDirectory D:\myWorkSpace\Winter 2023\CSIS 3275 001 Project_DessClinicSystem\DessClinicSystem\src\test\resources
2023-03-05 22:49:37,368 [Worker-81: Building] INFO  o.a.m.s.f.DefaultMavenResourcesFiltering - Copying 1 resource
2023-03-05 22:49:37,371 [Worker-81: Building] INFO  o.a.m.s.f.DefaultMavenResourcesFiltering - Copying 0 resource
2023-03-05 22:49:37,374 [Worker-81: Building] INFO  o.a.m.s.f.DefaultMavenResourcesFiltering - skip non existing resourceDirectory D:\myWorkSpace\Winter 2023\CSIS 3275 001 Project_DessClinicSystem\DessClinicSystem\src\test\resources
2023-03-05 22:55:06,853 [Worker-80: Building] INFO  o.a.m.s.f.DefaultMavenResourcesFiltering - Copying 1 resource
2023-03-05 22:55:06,858 [Worker-80: Building] INFO  o.a.m.s.f.DefaultMavenResourcesFiltering - Copying 0 resource
2023-03-05 22:55:06,860 [Worker-80: Building] INFO  o.a.m.s.f.DefaultMavenResourcesFiltering - skip non existing resourceDirectory D:\myWorkSpace\Winter 2023\CSIS 3275 001 Project_DessClinicSystem\DessClinicSystem\src\test\resources
2023-03-05 22:58:20,619 [Worker-82: Building] INFO  o.a.m.s.f.DefaultMavenResourcesFiltering - Copying 1 resource
2023-03-05 22:58:20,623 [Worker-82: Building] INFO  o.a.m.s.f.DefaultMavenResourcesFiltering - Copying 0 resource
2023-03-05 22:58:20,625 [Worker-82: Building] INFO  o.a.m.s.f.DefaultMavenResourcesFiltering - skip non existing resourceDirectory D:\myWorkSpace\Winter 2023\CSIS 3275 001 Project_DessClinicSystem\DessClinicSystem\src\test\resources
2023-03-05 23:01:43,613 [Worker-83: Building] INFO  o.a.m.s.f.DefaultMavenResourcesFiltering - Copying 1 resource
2023-03-05 23:01:43,617 [Worker-83: Building] INFO  o.a.m.s.f.DefaultMavenResourcesFiltering - Copying 0 resource
2023-03-05 23:01:43,619 [Worker-83: Building] INFO  o.a.m.s.f.DefaultMavenResourcesFiltering - skip non existing resourceDirectory D:\myWorkSpace\Winter 2023\CSIS 3275 001 Project_DessClinicSystem\DessClinicSystem\src\test\resources
2023-03-05 23:01:56,431 [Worker-85: Building] INFO  o.a.m.s.f.DefaultMavenResourcesFiltering - Copying 1 resource
2023-03-05 23:01:56,439 [Worker-85: Building] INFO  o.a.m.s.f.DefaultMavenResourcesFiltering - Copying 0 resource
2023-03-05 23:01:56,441 [Worker-85: Building] INFO  o.a.m.s.f.DefaultMavenResourcesFiltering - skip non existing resourceDirectory D:\myWorkSpace\Winter 2023\CSIS 3275 001 Project_DessClinicSystem\DessClinicSystem\src\test\resources
2023-03-05 23:02:17,550 [Worker-86: Building] INFO  o.a.m.s.f.DefaultMavenResourcesFiltering - Copying 1 resource
2023-03-05 23:02:17,557 [Worker-86: Building] INFO  o.a.m.s.f.DefaultMavenResourcesFiltering - Copying 0 resource
2023-03-05 23:02:17,559 [Worker-86: Building] INFO  o.a.m.s.f.DefaultMavenResourcesFiltering - skip non existing resourceDirectory D:\myWorkSpace\Winter 2023\CSIS 3275 001 Project_DessClinicSystem\DessClinicSystem\src\test\resources
2023-03-05 23:03:12,572 [Worker-84: Building] INFO  o.a.m.s.f.DefaultMavenResourcesFiltering - Copying 1 resource
2023-03-05 23:03:12,575 [Worker-84: Building] INFO  o.a.m.s.f.DefaultMavenResourcesFiltering - Copying 0 resource
2023-03-05 23:03:12,579 [Worker-84: Building] INFO  o.a.m.s.f.DefaultMavenResourcesFiltering - skip non existing resourceDirectory D:\myWorkSpace\Winter 2023\CSIS 3275 001 Project_DessClinicSystem\DessClinicSystem\src\test\resources
2023-03-05 23:05:33,431 [Worker-89: Building] INFO  o.a.m.s.f.DefaultMavenResourcesFiltering - Copying 1 resource
2023-03-05 23:05:33,435 [Worker-89: Building] INFO  o.a.m.s.f.DefaultMavenResourcesFiltering - Copying 0 resource
2023-03-05 23:05:33,437 [Worker-89: Building] INFO  o.a.m.s.f.DefaultMavenResourcesFiltering - skip non existing resourceDirectory D:\myWorkSpace\Winter 2023\CSIS 3275 001 Project_DessClinicSystem\DessClinicSystem\src\test\resources
2023-03-05 23:10:42,061 [Worker-89: Building] INFO  o.a.m.s.f.DefaultMavenResourcesFiltering - Copying 1 resource
2023-03-05 23:10:42,064 [Worker-89: Building] INFO  o.a.m.s.f.DefaultMavenResourcesFiltering - Copying 0 resource
2023-03-05 23:10:42,067 [Worker-89: Building] INFO  o.a.m.s.f.DefaultMavenResourcesFiltering - skip non existing resourceDirectory D:\myWorkSpace\Winter 2023\CSIS 3275 001 Project_DessClinicSystem\DessClinicSystem\src\test\resources
2023-03-05 23:11:25,710 [Worker-89: Building] INFO  o.a.m.s.f.DefaultMavenResourcesFiltering - Copying 1 resource
2023-03-05 23:11:25,713 [Worker-89: Building] INFO  o.a.m.s.f.DefaultMavenResourcesFiltering - Copying 0 resource
2023-03-05 23:11:25,715 [Worker-89: Building] INFO  o.a.m.s.f.DefaultMavenResourcesFiltering - skip non existing resourceDirectory D:\myWorkSpace\Winter 2023\CSIS 3275 001 Project_DessClinicSystem\DessClinicSystem\src\test\resources
2023-03-05 23:14:29,905 [Worker-89: Building] INFO  o.a.m.s.f.DefaultMavenResourcesFiltering - Copying 1 resource
2023-03-05 23:14:29,909 [Worker-89: Building] INFO  o.a.m.s.f.DefaultMavenResourcesFiltering - Copying 0 resource
2023-03-05 23:14:29,910 [Worker-89: Building] INFO  o.a.m.s.f.DefaultMavenResourcesFiltering - skip non existing resourceDirectory D:\myWorkSpace\Winter 2023\CSIS 3275 001 Project_DessClinicSystem\DessClinicSystem\src\test\resources
2023-03-05 23:15:19,884 [Worker-90: Building] INFO  o.a.m.s.f.DefaultMavenResourcesFiltering - Copying 1 resource
2023-03-05 23:15:19,886 [Worker-90: Building] INFO  o.a.m.s.f.DefaultMavenResourcesFiltering - Copying 0 resource
2023-03-05 23:15:19,887 [Worker-90: Building] INFO  o.a.m.s.f.DefaultMavenResourcesFiltering - skip non existing resourceDirectory D:\myWorkSpace\Winter 2023\CSIS 3275 001 Project_DessClinicSystem\DessClinicSystem\src\test\resources
2023-03-05 23:16:03,584 [Worker-87: Building] INFO  o.a.m.s.f.DefaultMavenResourcesFiltering - Copying 1 resource
2023-03-05 23:16:03,588 [Worker-87: Building] INFO  o.a.m.s.f.DefaultMavenResourcesFiltering - Copying 0 resource
2023-03-05 23:16:03,590 [Worker-87: Building] INFO  o.a.m.s.f.DefaultMavenResourcesFiltering - skip non existing resourceDirectory D:\myWorkSpace\Winter 2023\CSIS 3275 001 Project_DessClinicSystem\DessClinicSystem\src\test\resources
2023-03-05 23:16:35,673 [Worker-87: Building] INFO  o.a.m.s.f.DefaultMavenResourcesFiltering - Copying 1 resource
2023-03-05 23:16:35,675 [Worker-87: Building] INFO  o.a.m.s.f.DefaultMavenResourcesFiltering - Copying 0 resource
2023-03-05 23:16:35,677 [Worker-87: Building] INFO  o.a.m.s.f.DefaultMavenResourcesFiltering - skip non existing resourceDirectory D:\myWorkSpace\Winter 2023\CSIS 3275 001 Project_DessClinicSystem\DessClinicSystem\src\test\resources
2023-03-05 23:16:44,450 [Worker-83: Building] INFO  o.a.m.s.f.DefaultMavenResourcesFiltering - Copying 1 resource
2023-03-05 23:16:44,452 [Worker-83: Building] INFO  o.a.m.s.f.DefaultMavenResourcesFiltering - Copying 0 resource
2023-03-05 23:16:44,454 [Worker-83: Building] INFO  o.a.m.s.f.DefaultMavenResourcesFiltering - skip non existing resourceDirectory D:\myWorkSpace\Winter 2023\CSIS 3275 001 Project_DessClinicSystem\DessClinicSystem\src\test\resources
2023-03-05 23:24:09,685 [Worker-92: Building] INFO  o.a.m.s.f.DefaultMavenResourcesFiltering - Copying 1 resource
2023-03-05 23:24:09,689 [Worker-92: Building] INFO  o.a.m.s.f.DefaultMavenResourcesFiltering - Copying 0 resource
2023-03-05 23:24:09,692 [Worker-92: Building] INFO  o.a.m.s.f.DefaultMavenResourcesFiltering - skip non existing resourceDirectory D:\myWorkSpace\Winter 2023\CSIS 3275 001 Project_DessClinicSystem\DessClinicSystem\src\test\resources
2023-03-05 23:24:14,204 [Worker-92: Building] INFO  o.a.m.s.f.DefaultMavenResourcesFiltering - Copying 1 resource
2023-03-05 23:24:14,207 [Worker-92: Building] INFO  o.a.m.s.f.DefaultMavenResourcesFiltering - Copying 0 resource
2023-03-05 23:24:14,208 [Worker-92: Building] INFO  o.a.m.s.f.DefaultMavenResourcesFiltering - skip non existing resourceDirectory D:\myWorkSpace\Winter 2023\CSIS 3275 001 Project_DessClinicSystem\DessClinicSystem\src\test\resources
2023-03-05 23:24:26,640 [Worker-92: Building] INFO  o.a.m.s.f.DefaultMavenResourcesFiltering - Copying 1 resource
2023-03-05 23:24:26,643 [Worker-92: Building] INFO  o.a.m.s.f.DefaultMavenResourcesFiltering - Copying 0 resource
2023-03-05 23:24:26,645 [Worker-92: Building] INFO  o.a.m.s.f.DefaultMavenResourcesFiltering - skip non existing resourceDirectory D:\myWorkSpace\Winter 2023\CSIS 3275 001 Project_DessClinicSystem\DessClinicSystem\src\test\resources
2023-03-05 23:40:58,931 [Worker-98: Building] INFO  o.a.m.s.f.DefaultMavenResourcesFiltering - Copying 1 resource
2023-03-05 23:40:58,934 [Worker-98: Building] INFO  o.a.m.s.f.DefaultMavenResourcesFiltering - Copying 0 resource
2023-03-05 23:40:58,936 [Worker-98: Building] INFO  o.a.m.s.f.DefaultMavenResourcesFiltering - skip non existing resourceDirectory D:\myWorkSpace\Winter 2023\CSIS 3275 001 Project_DessClinicSystem\DessClinicSystem\src\test\resources
2023-03-05 23:44:28,617 [Worker-101: Building] INFO  o.a.m.s.f.DefaultMavenResourcesFiltering - Copying 1 resource
2023-03-05 23:44:28,622 [Worker-101: Building] INFO  o.a.m.s.f.DefaultMavenResourcesFiltering - Copying 0 resource
2023-03-05 23:44:28,624 [Worker-101: Building] INFO  o.a.m.s.f.DefaultMavenResourcesFiltering - skip non existing resourceDirectory D:\myWorkSpace\Winter 2023\CSIS 3275 001 Project_DessClinicSystem\DessClinicSystem\src\test\resources
2023-03-05 23:50:04,835 [Worker-97: Building] INFO  o.a.m.s.f.DefaultMavenResourcesFiltering - Copying 1 resource
2023-03-05 23:50:04,848 [Worker-97: Building] INFO  o.a.m.s.f.DefaultMavenResourcesFiltering - Copying 0 resource
2023-03-05 23:50:04,850 [Worker-97: Building] INFO  o.a.m.s.f.DefaultMavenResourcesFiltering - skip non existing resourceDirectory D:\myWorkSpace\Winter 2023\CSIS 3275 001 Project_DessClinicSystem\DessClinicSystem\src\test\resources
2023-03-06 19:22:54,958 [Worker-6: Loading available Gradle versions] INFO  o.e.b.c.i.u.g.PublishedGradleVersions - Gradle version information cache is out-of-date. Trying to update.
2023-03-07 22:02:05,170 [Worker-1: Loading available Gradle versions] INFO  o.e.b.c.i.u.g.PublishedGradleVersions - Gradle version information cache is up-to-date. Trying to read.
2023-03-07 22:03:17,344 [Worker-2: Loading available Gradle versions] INFO  o.e.b.c.i.u.g.PublishedGradleVersions - Gradle version information cache is up-to-date. Trying to read.
2023-03-07 22:03:58,438 [Worker-19: Building] INFO  o.e.m.c.i.l.LifecycleMappingFactory - Using org.eclipse.m2e.jdt.JarLifecycleMapping lifecycle mapping for MavenProject: com.example:DessClinicSystem:0.0.1-SNAPSHOT @ D:\myWorkSpace\Winter 2023\CSIS 3275 001 Project_DessClinicSystem\DessClinicSystem\pom.xml.
2023-03-07 22:03:59,354 [Worker-19: Building] INFO  o.a.m.s.f.DefaultMavenResourcesFiltering - Copying 1 resource
2023-03-07 22:03:59,373 [Worker-19: Building] INFO  o.a.m.s.f.DefaultMavenResourcesFiltering - Copying 0 resource
2023-03-07 22:03:59,376 [Worker-19: Building] INFO  o.a.m.s.f.DefaultMavenResourcesFiltering - skip non existing resourceDirectory D:\myWorkSpace\Winter 2023\CSIS 3275 001 Project_DessClinicSystem\DessClinicSystem\src\test\resources
2023-03-07 22:04:00,321 [Worker-6: Updating Maven Dependencies] INFO  o.e.m.c.i.l.LifecycleMappingFactory - Using org.eclipse.m2e.jdt.JarLifecycleMapping lifecycle mapping for MavenProject: com.example:DessClinicSystem:0.0.1-SNAPSHOT @ D:\myWorkSpace\Winter 2023\CSIS 3275 001 Project_DessClinicSystem\DessClinicSystem\pom.xml.
2023-03-07 22:04:01,359 [Worker-9: Building] INFO  o.a.m.s.f.DefaultMavenResourcesFiltering - Copying 1 resource
2023-03-07 22:04:01,371 [Worker-9: Building] INFO  o.a.m.s.f.DefaultMavenResourcesFiltering - Copying 0 resource
2023-03-07 22:04:01,374 [Worker-9: Building] INFO  o.a.m.s.f.DefaultMavenResourcesFiltering - skip non existing resourceDirectory D:\myWorkSpace\Winter 2023\CSIS 3275 001 Project_DessClinicSystem\DessClinicSystem\src\test\resources
2023-03-07 22:04:17,411 [main] INFO  o.e.m2e.actions.ExecutePomAction - Using existing launch configuration
2023-03-07 22:04:20,845 [Worker-12: Launching DessClinicSystem] INFO  o.e.m.i.launch.MavenLaunchDelegate - D:\myWorkSpace\Winter 2023\CSIS 3275 001 Project_DessClinicSystem\DessClinicSystem
2023-03-07 22:04:20,846 [Worker-12: Launching DessClinicSystem] INFO  o.e.m.i.launch.MavenLaunchDelegate -  mvn -Ppom.xml -B -Dstyle.color=always spring-boot:run
2023-03-08 14:33:09,956 [Worker-2: Loading available Gradle versions] INFO  o.e.b.c.i.u.g.PublishedGradleVersions - Gradle version information cache is up-to-date. Trying to read.
2023-03-08 14:33:12,248 [Worker-1: Building] INFO  o.a.m.s.f.DefaultMavenResourcesFiltering - Copying 1 resource
2023-03-08 14:33:12,268 [Worker-1: Building] INFO  o.a.m.s.f.DefaultMavenResourcesFiltering - Copying 0 resource
2023-03-08 14:33:12,273 [Worker-1: Building] INFO  o.a.m.s.f.DefaultMavenResourcesFiltering - skip non existing resourceDirectory D:\myWorkSpace\Winter 2023\CSIS 3275 001 Project_DessClinicSystem\DessClinicSystem\src\test\resources
2023-03-08 14:38:15,318 [Worker-1: Loading available Gradle versions] INFO  o.e.b.c.i.u.g.PublishedGradleVersions - Gradle version information cache is up-to-date. Trying to read.
2023-03-08 14:39:01,213 [Worker-0: Building] INFO  o.e.m.c.i.l.LifecycleMappingFactory - Using org.eclipse.m2e.jdt.JarLifecycleMapping lifecycle mapping for MavenProject: com.example:DessClinicSystem:0.0.1-SNAPSHOT @ D:\myWorkSpace\Winter 2023\CSIS 3275 001 Project_DessClinicSystem\DessClinicSystem\pom.xml.
2023-03-08 14:39:02,014 [Worker-0: Building] INFO  o.a.m.s.f.DefaultMavenResourcesFiltering - Copying 1 resource
2023-03-08 14:39:02,029 [Worker-0: Building] INFO  o.a.m.s.f.DefaultMavenResourcesFiltering - Copying 0 resource
2023-03-08 14:39:02,033 [Worker-0: Building] INFO  o.a.m.s.f.DefaultMavenResourcesFiltering - skip non existing resourceDirectory D:\myWorkSpace\Winter 2023\CSIS 3275 001 Project_DessClinicSystem\DessClinicSystem\src\test\resources
2023-03-08 14:39:02,314 [Worker-1: Updating Maven Dependencies] INFO  o.e.m.c.i.l.LifecycleMappingFactory - Using org.eclipse.m2e.jdt.JarLifecycleMapping lifecycle mapping for MavenProject: com.example:DessClinicSystem:0.0.1-SNAPSHOT @ D:\myWorkSpace\Winter 2023\CSIS 3275 001 Project_DessClinicSystem\DessClinicSystem\pom.xml.
2023-03-08 14:39:03,597 [Worker-10: Building] INFO  o.a.m.s.f.DefaultMavenResourcesFiltering - Copying 1 resource
2023-03-08 14:39:03,599 [Worker-10: Building] INFO  o.a.m.s.f.DefaultMavenResourcesFiltering - Copying 0 resource
2023-03-08 14:39:03,603 [Worker-10: Building] INFO  o.a.m.s.f.DefaultMavenResourcesFiltering - skip non existing resourceDirectory D:\myWorkSpace\Winter 2023\CSIS 3275 001 Project_DessClinicSystem\DessClinicSystem\src\test\resources
2023-03-08 14:40:41,827 [main] INFO  o.e.m2e.actions.ExecutePomAction - Using existing launch configuration
2023-03-08 14:40:44,724 [Worker-14: Launching DessClinicSystem] INFO  o.e.m.i.launch.MavenLaunchDelegate - D:\myWorkSpace\Winter 2023\CSIS 3275 001 Project_DessClinicSystem\DessClinicSystem
2023-03-08 14:40:44,726 [Worker-14: Launching DessClinicSystem] INFO  o.e.m.i.launch.MavenLaunchDelegate -  mvn -Ppom.xml -B -Dstyle.color=always spring-boot:run
2023-03-08 14:42:54,970 [main] INFO  o.e.m2e.actions.ExecutePomAction - Using existing launch configuration
2023-03-08 14:42:55,017 [Worker-22: Launching DessClinicSystem] INFO  o.e.m.i.launch.MavenLaunchDelegate - D:\myWorkSpace\Winter 2023\CSIS 3275 001 Project_DessClinicSystem\DessClinicSystem
2023-03-08 14:42:55,017 [Worker-22: Launching DessClinicSystem] INFO  o.e.m.i.launch.MavenLaunchDelegate -  mvn -Ppom.xml -B -Dstyle.color=always spring-boot:run
2023-03-08 20:09:27,654 [Worker-3: Loading available Gradle versions] INFO  o.e.b.c.i.u.g.PublishedGradleVersions - Gradle version information cache is up-to-date. Trying to read.
2023-03-08 20:10:24,482 [Worker-16: Building] INFO  o.e.m.c.i.l.LifecycleMappingFactory - Using org.eclipse.m2e.jdt.JarLifecycleMapping lifecycle mapping for MavenProject: com.example:DessClinicSystem:0.0.1-SNAPSHOT @ D:\myWorkSpace\Winter 2023\CSIS 3275 001 Project_DessClinicSystem\DessClinicSystem\pom.xml.
2023-03-08 20:10:25,361 [Worker-16: Building] INFO  o.a.m.s.f.DefaultMavenResourcesFiltering - Copying 1 resource
2023-03-08 20:10:25,371 [Worker-16: Building] INFO  o.a.m.s.f.DefaultMavenResourcesFiltering - Copying 0 resource
2023-03-08 20:10:25,375 [Worker-16: Building] INFO  o.a.m.s.f.DefaultMavenResourcesFiltering - skip non existing resourceDirectory D:\myWorkSpace\Winter 2023\CSIS 3275 001 Project_DessClinicSystem\DessClinicSystem\src\test\resources
2023-03-08 20:10:26,553 [Worker-1: Updating Maven Dependencies] INFO  o.e.m.c.i.l.LifecycleMappingFactory - Using org.eclipse.m2e.jdt.JarLifecycleMapping lifecycle mapping for MavenProject: com.example:DessClinicSystem:0.0.1-SNAPSHOT @ D:\myWorkSpace\Winter 2023\CSIS 3275 001 Project_DessClinicSystem\DessClinicSystem\pom.xml.
2023-03-08 20:10:27,697 [Worker-22: Building] INFO  o.a.m.s.f.DefaultMavenResourcesFiltering - Copying 1 resource
2023-03-08 20:10:27,711 [Worker-22: Building] INFO  o.a.m.s.f.DefaultMavenResourcesFiltering - Copying 0 resource
2023-03-08 20:10:27,714 [Worker-22: Building] INFO  o.a.m.s.f.DefaultMavenResourcesFiltering - skip non existing resourceDirectory D:\myWorkSpace\Winter 2023\CSIS 3275 001 Project_DessClinicSystem\DessClinicSystem\src\test\resources
2023-03-08 20:10:48,657 [Worker-0: Importing Maven projects] INFO  o.e.m.c.i.l.LifecycleMappingFactory - Using org.eclipse.m2e.jdt.JarLifecycleMapping lifecycle mapping for MavenProject: com.example:DessClinicSystem:0.0.1-SNAPSHOT @ D:\myWorkSpace\Winter 2023\CSIS 3275 001 Project_DessClinicSystem\DessClinicSystem\pom.xml.
2023-03-08 20:10:49,060 [Worker-0: Importing Maven projects] INFO  o.e.m.j.i.AbstractJavaProjectConfigurator - Adding source folder /DessClinicSystem/src/main/java
2023-03-08 20:10:49,061 [Worker-0: Importing Maven projects] INFO  o.e.m.j.i.AbstractJavaProjectConfigurator - Adding resource folder /DessClinicSystem/src/main/resources
2023-03-08 20:10:49,061 [Worker-0: Importing Maven projects] INFO  o.e.m.j.i.AbstractJavaProjectConfigurator - Adding resource folder /DessClinicSystem/src/main/resources
2023-03-08 20:10:49,061 [Worker-0: Importing Maven projects] INFO  o.e.m.j.i.AbstractJavaProjectConfigurator - Adding source folder /DessClinicSystem/src/test/java
2023-03-08 20:10:49,267 [Worker-0: Importing Maven projects] INFO  o.e.m.c.i.p.ProjectConfigurationManager - Imported and configured 1 project(s) in 0 sec
2023-03-08 20:10:49,830 [Worker-5: Building] INFO  o.a.m.s.f.DefaultMavenResourcesFiltering - Copying 1 resource
2023-03-08 20:10:49,842 [Worker-5: Building] INFO  o.a.m.s.f.DefaultMavenResourcesFiltering - Copying 0 resource
2023-03-08 20:10:49,846 [Worker-5: Building] INFO  o.a.m.s.f.DefaultMavenResourcesFiltering - skip non existing resourceDirectory D:\myWorkSpace\Winter 2023\CSIS 3275 001 Project_DessClinicSystem\DessClinicSystem\src\test\resources
2023-03-08 20:10:57,589 [main] INFO  o.e.m2e.actions.ExecutePomAction - Using existing launch configuration
2023-03-08 20:11:01,827 [Worker-7: Launching DessClinicSystem] INFO  o.e.m.i.launch.MavenLaunchDelegate - D:\myWorkSpace\Winter 2023\CSIS 3275 001 Project_DessClinicSystem\DessClinicSystem
2023-03-08 20:11:01,829 [Worker-7: Launching DessClinicSystem] INFO  o.e.m.i.launch.MavenLaunchDelegate -  mvn -Ppom.xml -B -Dstyle.color=always spring-boot:run
2023-03-10 15:48:00,610 [Worker-1: Loading available Gradle versions] INFO  o.e.b.c.i.u.g.PublishedGradleVersions - Gradle version information cache is out-of-date. Trying to update.
2023-03-10 15:48:08,536 [main] INFO  o.e.m2e.actions.ExecutePomAction - Using existing launch configuration
2023-03-10 15:48:13,233 [Worker-17: Launching DessClinicSystem] INFO  o.e.m.i.launch.MavenLaunchDelegate - D:\myWorkSpace\Winter 2023\CSIS 3275 001 Project_DessClinicSystem\DessClinicSystem
2023-03-10 15:48:13,236 [Worker-17: Launching DessClinicSystem] INFO  o.e.m.i.launch.MavenLaunchDelegate -  mvn -Ppom.xml -B -Dstyle.color=always spring-boot:run
2023-03-10 19:13:08,979 [Worker-1: Loading available Gradle versions] INFO  o.e.b.c.i.u.g.PublishedGradleVersions - Gradle version information cache is up-to-date. Trying to read.
2023-03-10 19:13:41,802 [Worker-0: Building] INFO  o.e.m.c.i.l.LifecycleMappingFactory - Using org.eclipse.m2e.jdt.JarLifecycleMapping lifecycle mapping for MavenProject: com.example:DessClinicSystem:0.0.1-SNAPSHOT @ D:\myWorkSpace\Winter 2023\CSIS 3275 001 Project_DessClinicSystem\DessClinicSystem\pom.xml.
2023-03-10 19:13:42,579 [Worker-0: Building] INFO  o.a.m.s.f.DefaultMavenResourcesFiltering - Copying 1 resource
2023-03-10 19:13:42,605 [Worker-0: Building] INFO  o.a.m.s.f.DefaultMavenResourcesFiltering - Copying 0 resource
2023-03-10 19:13:42,609 [Worker-0: Building] INFO  o.a.m.s.f.DefaultMavenResourcesFiltering - skip non existing resourceDirectory D:\myWorkSpace\Winter 2023\CSIS 3275 001 Project_DessClinicSystem\DessClinicSystem\src\test\resources
2023-03-10 19:13:43,666 [Worker-14: Updating Maven Dependencies] INFO  o.e.m.c.i.l.LifecycleMappingFactory - Using org.eclipse.m2e.jdt.JarLifecycleMapping lifecycle mapping for MavenProject: com.example:DessClinicSystem:0.0.1-SNAPSHOT @ D:\myWorkSpace\Winter 2023\CSIS 3275 001 Project_DessClinicSystem\DessClinicSystem\pom.xml.
2023-03-10 19:13:44,817 [Worker-1: Building] INFO  o.a.m.s.f.DefaultMavenResourcesFiltering - Copying 1 resource
2023-03-10 19:13:44,825 [Worker-1: Building] INFO  o.a.m.s.f.DefaultMavenResourcesFiltering - Copying 0 resource
2023-03-10 19:13:44,827 [Worker-1: Building] INFO  o.a.m.s.f.DefaultMavenResourcesFiltering - skip non existing resourceDirectory D:\myWorkSpace\Winter 2023\CSIS 3275 001 Project_DessClinicSystem\DessClinicSystem\src\test\resources
2023-03-10 19:14:08,525 [main] INFO  o.e.m2e.actions.ExecutePomAction - Using existing launch configuration
2023-03-10 19:14:11,278 [Worker-16: Launching DessClinicSystem] INFO  o.e.m.i.launch.MavenLaunchDelegate - D:\myWorkSpace\Winter 2023\CSIS 3275 001 Project_DessClinicSystem\DessClinicSystem
2023-03-10 19:14:11,281 [Worker-16: Launching DessClinicSystem] INFO  o.e.m.i.launch.MavenLaunchDelegate -  mvn -Ppom.xml -B -Dstyle.color=always spring-boot:run
2023-03-10 19:16:19,396 [Worker-11: Building] INFO  o.e.m.c.i.l.LifecycleMappingFactory - Using org.eclipse.m2e.jdt.JarLifecycleMapping lifecycle mapping for MavenProject: com.example:DessClinicSystem:0.0.1-SNAPSHOT @ D:\myWorkSpace\Winter 2023\CSIS 3275 001 Project_DessClinicSystem\DessClinicSystem\pom.xml.
2023-03-10 19:16:19,871 [Worker-11: Building] INFO  o.a.m.s.f.DefaultMavenResourcesFiltering - Copying 1 resource
2023-03-10 19:16:19,881 [Worker-11: Building] INFO  o.a.m.s.f.DefaultMavenResourcesFiltering - Copying 0 resource
2023-03-10 19:16:19,884 [Worker-11: Building] INFO  o.a.m.s.f.DefaultMavenResourcesFiltering - skip non existing resourceDirectory D:\myWorkSpace\Winter 2023\CSIS 3275 001 Project_DessClinicSystem\DessClinicSystem\src\test\resources
2023-03-10 19:16:20,847 [Worker-24: Updating Maven Dependencies] INFO  o.e.m.c.i.l.LifecycleMappingFactory - Using org.eclipse.m2e.jdt.JarLifecycleMapping lifecycle mapping for MavenProject: com.example:DessClinicSystem:0.0.1-SNAPSHOT @ D:\myWorkSpace\Winter 2023\CSIS 3275 001 Project_DessClinicSystem\DessClinicSystem\pom.xml.
2023-03-10 19:16:21,670 [Worker-22: Building] INFO  o.a.m.s.f.DefaultMavenResourcesFiltering - Copying 1 resource
2023-03-10 19:16:21,679 [Worker-22: Building] INFO  o.a.m.s.f.DefaultMavenResourcesFiltering - Copying 0 resource
2023-03-10 19:16:21,682 [Worker-22: Building] INFO  o.a.m.s.f.DefaultMavenResourcesFiltering - skip non existing resourceDirectory D:\myWorkSpace\Winter 2023\CSIS 3275 001 Project_DessClinicSystem\DessClinicSystem\src\test\resources
2023-03-10 19:16:52,005 [main] INFO  o.e.m2e.actions.ExecutePomAction - Using existing launch configuration
2023-03-10 19:16:52,021 [Worker-25: Launching DessClinicSystem] INFO  o.e.m.i.launch.MavenLaunchDelegate - D:\myWorkSpace\Winter 2023\CSIS 3275 001 Project_DessClinicSystem\DessClinicSystem
2023-03-10 19:16:52,021 [Worker-25: Launching DessClinicSystem] INFO  o.e.m.i.launch.MavenLaunchDelegate -  mvn -Ppom.xml -B -Dstyle.color=always spring-boot:run
2023-03-10 19:18:12,126 [Worker-24: Importing Maven projects] INFO  o.e.m.c.i.l.LifecycleMappingFactory - Using org.eclipse.m2e.jdt.JarLifecycleMapping lifecycle mapping for MavenProject: com.example:DessClinicSystem:0.0.1-SNAPSHOT @ D:\myWorkSpace\Winter 2023\CSIS 3275 001 Project_DessClinicSystem\DessClinicSystem\pom.xml.
2023-03-10 19:18:12,538 [Worker-24: Importing Maven projects] INFO  o.e.m.j.i.AbstractJavaProjectConfigurator - Adding source folder /DessClinicSystem/src/main/java
2023-03-10 19:18:12,538 [Worker-24: Importing Maven projects] INFO  o.e.m.j.i.AbstractJavaProjectConfigurator - Adding resource folder /DessClinicSystem/src/main/resources
2023-03-10 19:18:12,538 [Worker-24: Importing Maven projects] INFO  o.e.m.j.i.AbstractJavaProjectConfigurator - Adding resource folder /DessClinicSystem/src/main/resources
2023-03-10 19:18:12,539 [Worker-24: Importing Maven projects] INFO  o.e.m.j.i.AbstractJavaProjectConfigurator - Adding source folder /DessClinicSystem/src/test/java
2023-03-10 19:18:12,764 [Worker-24: Importing Maven projects] INFO  o.e.m.c.i.p.ProjectConfigurationManager - Imported and configured 1 project(s) in 0 sec
2023-03-10 19:18:13,306 [Worker-20: Building] INFO  o.a.m.s.f.DefaultMavenResourcesFiltering - Copying 1 resource
2023-03-10 19:18:13,315 [Worker-20: Building] INFO  o.a.m.s.f.DefaultMavenResourcesFiltering - Copying 0 resource
2023-03-10 19:18:13,318 [Worker-20: Building] INFO  o.a.m.s.f.DefaultMavenResourcesFiltering - skip non existing resourceDirectory D:\myWorkSpace\Winter 2023\CSIS 3275 001 Project_DessClinicSystem\DessClinicSystem\src\test\resources
2023-03-10 19:18:45,152 [main] INFO  o.e.m2e.actions.ExecutePomAction - Using existing launch configuration
2023-03-10 19:18:45,192 [Worker-16: Launching DessClinicSystem] INFO  o.e.m.i.launch.MavenLaunchDelegate - D:\myWorkSpace\Winter 2023\CSIS 3275 001 Project_DessClinicSystem\DessClinicSystem
2023-03-10 19:18:45,193 [Worker-16: Launching DessClinicSystem] INFO  o.e.m.i.launch.MavenLaunchDelegate -  mvn -Ppom.xml -B -Dstyle.color=always spring-boot:run
2023-03-10 19:19:10,215 [main] INFO  o.e.m2e.actions.ExecutePomAction - Using existing launch configuration
2023-03-10 19:19:10,300 [Worker-16: Launching DessClinicSystem] INFO  o.e.m.i.launch.MavenLaunchDelegate - D:\myWorkSpace\Winter 2023\CSIS 3275 001 Project_DessClinicSystem\DessClinicSystem
2023-03-10 19:19:10,300 [Worker-16: Launching DessClinicSystem] INFO  o.e.m.i.launch.MavenLaunchDelegate -  mvn -Ppom.xml -B -Dstyle.color=always spring-boot:run
2023-03-10 19:22:07,049 [Worker-24: Importing Maven projects] INFO  o.e.m.c.i.l.LifecycleMappingFactory - Using org.eclipse.m2e.jdt.JarLifecycleMapping lifecycle mapping for MavenProject: com.example:DessClinicSystem:0.0.1-SNAPSHOT @ D:\myWorkSpace\Winter 2023\CSIS 3275 001 Project_DessClinicSystem\DessClinicSystem\pom.xml.
2023-03-10 19:22:07,424 [Worker-24: Importing Maven projects] INFO  o.e.m.j.i.AbstractJavaProjectConfigurator - Adding source folder /DessClinicSystem/src/main/java
2023-03-10 19:22:07,425 [Worker-24: Importing Maven projects] INFO  o.e.m.j.i.AbstractJavaProjectConfigurator - Adding resource folder /DessClinicSystem/src/main/resources
2023-03-10 19:22:07,425 [Worker-24: Importing Maven projects] INFO  o.e.m.j.i.AbstractJavaProjectConfigurator - Adding resource folder /DessClinicSystem/src/main/resources
2023-03-10 19:22:07,425 [Worker-24: Importing Maven projects] INFO  o.e.m.j.i.AbstractJavaProjectConfigurator - Adding source folder /DessClinicSystem/src/test/java
2023-03-10 19:22:07,623 [Worker-24: Importing Maven projects] INFO  o.e.m.c.i.p.ProjectConfigurationManager - Imported and configured 1 project(s) in 0 sec
2023-03-10 19:22:08,153 [Worker-27: Building] INFO  o.a.m.s.f.DefaultMavenResourcesFiltering - Copying 1 resource
2023-03-10 19:22:08,160 [Worker-27: Building] INFO  o.a.m.s.f.DefaultMavenResourcesFiltering - Copying 0 resource
2023-03-10 19:22:08,163 [Worker-27: Building] INFO  o.a.m.s.f.DefaultMavenResourcesFiltering - skip non existing resourceDirectory D:\myWorkSpace\Winter 2023\CSIS 3275 001 Project_DessClinicSystem\DessClinicSystem\src\test\resources
